<?xml version="1.0" encoding="UTF-8"?>
<!-- Generated by org.testng.reporters.JUnitReportReporter -->
<testsuite skipped="0" hostname="Janardhan" name="com.qa.huspot.Tests.LoginTest" tests="4" failures="0" timestamp="24 Apr 2019 06:48:58 GMT" time="35.746" errors="0">
  <testcase name="verifyCorrectCredentialsTest" time="8.744" classname="com.qa.huspot.Tests.LoginTest"/>
  <testcase name="verifySignInWithGoogleTest" time="7.853" classname="com.qa.huspot.Tests.LoginTest"/>
  <testcase name="verifygetLoginPageTitleTest" time="11.216" classname="com.qa.huspot.Tests.LoginTest"/>
  <testcase name="verifyPrivacyPolicyTest" time="7.933" classname="com.qa.huspot.Tests.LoginTest"/>
</testsuite> <!-- com.qa.huspot.Tests.LoginTest -->
