<?xml version="1.0" encoding="UTF-8"?>
<!-- Generated by org.testng.reporters.JUnitReportReporter -->
<testsuite skipped="0" hostname="Janardhan" name="com.qa.huspot.Tests.ProfileAndPreferencesPageTest" tests="3" failures="0" timestamp="23 Apr 2019 02:44:34 GMT" time="68.499" errors="0">
  <testcase name="verifygetNaveenNameElementTextTest" time="26.097" classname="com.qa.huspot.Tests.ProfileAndPreferencesPageTest"/>
  <testcase name="verifygetProfileAndPreferencesPageTextTest" time="22.901" classname="com.qa.huspot.Tests.ProfileAndPreferencesPageTest"/>
  <testcase name="verifygetProfileAndPreferencesPageTitleTest" time="19.501" classname="com.qa.huspot.Tests.ProfileAndPreferencesPageTest"/>
</testsuite> <!-- com.qa.huspot.Tests.ProfileAndPreferencesPageTest -->
