<?xml version="1.0" encoding="UTF-8"?>
<!-- Generated by org.testng.reporters.JUnitReportReporter -->
<testsuite skipped="1" hostname="Janardhan" name="com.qa.huspot.Tests.ContactsPageTest" tests="1" failures="0" timestamp="24 Apr 2019 00:35:01 GMT" time="0.000" errors="0">
  <testcase name="createNewContactsTest" time="0.000" classname="com.qa.huspot.Tests.ContactsPageTest">
    <skipped/>
  </testcase> <!-- createNewContactsTest -->
</testsuite> <!-- com.qa.huspot.Tests.ContactsPageTest -->
