<?xml version="1.0" encoding="UTF-8"?>
<!-- Generated by org.testng.reporters.JUnitReportReporter -->
<testsuite skipped="0" hostname="Janardhan" name="com.qa.huspot.Tests.HomeTest" tests="3" failures="0" timestamp="24 Apr 2019 06:48:58 GMT" time="56.104" errors="0">
  <testcase name="verifyContactsTabTest" time="19.906" classname="com.qa.huspot.Tests.HomeTest"/>
  <testcase name="verifygetHomaPageTitleTest" time="12.408" classname="com.qa.huspot.Tests.HomeTest"/>
  <testcase name="verifygetUserLinkTest" time="23.790" classname="com.qa.huspot.Tests.HomeTest"/>
</testsuite> <!-- com.qa.huspot.Tests.HomeTest -->
